# JRE version: Java(TM) SE Runtime Environment (7.0_51-b13) (build 1.7.0_51-b13)
# Java VM: Java HotSpot(TM) 64-Bit Server VM (24.51-b03 mixed mode linux-amd64 compressed oops)
Heap
 PSYoungGen      total 122880K, used 13650K [0x00000000ebc00000, 0x00000000f4e00000, 0x0000000100000000)
  eden space 97792K, 13% used [0x00000000ebc00000,0x00000000ec8bcbb0,0x00000000f1b80000)
  from space 25088K, 2% used [0x00000000f3280000,0x00000000f3318000,0x00000000f4b00000)
  to   space 23552K, 0% used [0x00000000f1b80000,0x00000000f1b80000,0x00000000f3280000)
 ParOldGen       total 55808K, used 11484K [0x00000000c3400000, 0x00000000c6a80000, 0x00000000ebc00000)
  object space 55808K, 20% used [0x00000000c3400000,0x00000000c3f37000,0x00000000c6a80000)
 PSPermGen       total 27648K, used 13855K [0x00000000be200000, 0x00000000bfd00000, 0x00000000c3400000)
  object space 27648K, 50% used [0x00000000be200000,0x00000000bef87f28,0x00000000bfd00000)
GC Heap History (10 events):
Event: 5,945 GC heap before
{Heap before GC invocations=3 (full 0):
 PSYoungGen      total 34304K, used 33932K [0x00000000ebc00000, 0x00000000ee000000, 0x0000000100000000)
  eden space 31744K, 100% used [0x00000000ebc00000,0x00000000edb00000,0x00000000edb00000)
  from space 2560K, 85% used [0x00000000edd80000,0x00000000edfa3040,0x00000000ee000000)
  to   space 2560K, 0% used [0x00000000edb00000,0x00000000edb00000,0x00000000edd80000)
 ParOldGen       total 41472K, used 0K [0x00000000c3400000, 0x00000000c5c80000, 0x00000000ebc00000)
  object space 41472K, 0% used [0x00000000c3400000,0x00000000c3400000,0x00000000c5c80000)
 PSPermGen       total 21504K, used 13653K [0x00000000be200000, 0x00000000bf700000, 0x00000000c3400000)
  object space 21504K, 63% used [0x00000000be200000,0x00000000bef556c0,0x00000000bf700000)
Event: 5,968 GC heap after
Heap after GC invocations=3 (full 0):
 PSYoungGen      total 34304K, used 2538K [0x00000000ebc00000, 0x00000000eff00000, 0x0000000100000000)
  eden space 31744K, 0% used [0x00000000ebc00000,0x00000000ebc00000,0x00000000edb00000)
  from space 2560K, 99% used [0x00000000edb00000,0x00000000edd7a840,0x00000000edd80000)
  to   space 2560K, 0% used [0x00000000efc80000,0x00000000efc80000,0x00000000eff00000)
 ParOldGen       total 41472K, used 25054K [0x00000000c3400000, 0x00000000c5c80000, 0x00000000ebc00000)
  object space 41472K, 60% used [0x00000000c3400000,0x00000000c4c77850,0x00000000c5c80000)
 PSPermGen       total 21504K, used 13653K [0x00000000be200000, 0x00000000bf700000, 0x00000000c3400000)
  object space 21504K, 63% used [0x00000000be200000,0x00000000bef556c0,0x00000000bf700000)
}
Event: 5,968 GC heap before
{Heap before GC invocations=4 (full 1):
 PSYoungGen      total 34304K, used 2538K [0x00000000ebc00000, 0x00000000eff00000, 0x0000000100000000)
  eden space 31744K, 0% used [0x00000000ebc00000,0x00000000ebc00000,0x00000000edb00000)
  from space 2560K, 99% used [0x00000000edb00000,0x00000000edd7a840,0x00000000edd80000)
  to   space 2560K, 0% used [0x00000000efc80000,0x00000000efc80000,0x00000000eff00000)
 ParOldGen       total 41472K, used 25054K [0x00000000c3400000, 0x00000000c5c80000, 0x00000000ebc00000)
  object space 41472K, 60% used [0x00000000c3400000,0x00000000c4c77850,0x00000000c5c80000)
 PSPermGen       total 21504K, used 13653K [0x00000000be200000, 0x00000000bf700000, 0x00000000c3400000)
  object space 21504K, 63% used [0x00000000be200000,0x00000000bef556c0,0x00000000bf700000)
Event: 6,111 GC heap after
Heap after GC invocations=4 (full 1):
 PSYoungGen      total 34304K, used 0K [0x00000000ebc00000, 0x00000000eff00000, 0x0000000100000000)
  eden space 31744K, 0% used [0x00000000ebc00000,0x00000000ebc00000,0x00000000edb00000)
  from space 2560K, 0% used [0x00000000edb00000,0x00000000edb00000,0x00000000edd80000)
  to   space 2560K, 0% used [0x00000000efc80000,0x00000000efc80000,0x00000000eff00000)
 ParOldGen       total 55808K, used 11484K [0x00000000c3400000, 0x00000000c6a80000, 0x00000000ebc00000)
  object space 55808K, 20% used [0x00000000c3400000,0x00000000c3f37000,0x00000000c6a80000)
 PSPermGen       total 27648K, used 13650K [0x00000000be200000, 0x00000000bfd00000, 0x00000000c3400000)
  object space 27648K, 49% used [0x00000000be200000,0x00000000bef54930,0x00000000bfd00000)
}
Event: 14,566 GC heap before
{Heap before GC invocations=5 (full 1):
 PSYoungGen      total 34304K, used 31744K [0x00000000ebc00000, 0x00000000eff00000, 0x0000000100000000)
  eden space 31744K, 100% used [0x00000000ebc00000,0x00000000edb00000,0x00000000edb00000)
  from space 2560K, 0% used [0x00000000edb00000,0x00000000edb00000,0x00000000edd80000)
  to   space 2560K, 0% used [0x00000000efc80000,0x00000000efc80000,0x00000000eff00000)
 ParOldGen       total 55808K, used 11484K [0x00000000c3400000, 0x00000000c6a80000, 0x00000000ebc00000)
  object space 55808K, 20% used [0x00000000c3400000,0x00000000c3f37000,0x00000000c6a80000)
 PSPermGen       total 27648K, used 13680K [0x00000000be200000, 0x00000000bfd00000, 0x00000000c3400000)
  object space 27648K, 49% used [0x00000000be200000,0x00000000bef5c308,0x00000000bfd00000)
Event: 14,572 GC heap after
Heap after GC invocations=5 (full 1):
 PSYoungGen      total 57344K, used 544K [0x00000000ebc00000, 0x00000000efd80000, 0x0000000100000000)
  eden space 56320K, 0% used [0x00000000ebc00000,0x00000000ebc00000,0x00000000ef300000)
  from space 1024K, 53% used [0x00000000efc80000,0x00000000efd08000,0x00000000efd80000)
  to   space 2560K, 0% used [0x00000000ef880000,0x00000000ef880000,0x00000000efb00000)
 ParOldGen       total 55808K, used 11484K [0x00000000c3400000, 0x00000000c6a80000, 0x00000000ebc00000)
  object space 55808K, 20% used [0x00000000c3400000,0x00000000c3f37000,0x00000000c6a80000)
 PSPermGen       total 27648K, used 13680K [0x00000000be200000, 0x00000000bfd00000, 0x00000000c3400000)
  object space 27648K, 49% used [0x00000000be200000,0x00000000bef5c308,0x00000000bfd00000)
}
Event: 20,462 GC heap before
{Heap before GC invocations=6 (full 1):
 PSYoungGen      total 57344K, used 56864K [0x00000000ebc00000, 0x00000000efd80000, 0x0000000100000000)
  eden space 56320K, 100% used [0x00000000ebc00000,0x00000000ef300000,0x00000000ef300000)
  from space 1024K, 53% used [0x00000000efc80000,0x00000000efd08000,0x00000000efd80000)
  to   space 2560K, 0% used [0x00000000ef880000,0x00000000ef880000,0x00000000efb00000)
 ParOldGen       total 55808K, used 11484K [0x00000000c3400000, 0x00000000c6a80000, 0x00000000ebc00000)
  object space 55808K, 20% used [0x00000000c3400000,0x00000000c3f37000,0x00000000c6a80000)
 PSPermGen       total 27648K, used 13701K [0x00000000be200000, 0x00000000bfd00000, 0x00000000c3400000)
  object space 27648K, 49% used [0x00000000be200000,0x00000000bef61790,0x00000000bfd00000)
Event: 20,469 GC heap after
Heap after GC invocations=6 (full 1):
 PSYoungGen      total 64512K, used 512K [0x00000000ebc00000, 0x00000000f4b00000, 0x0000000100000000)
  eden space 61952K, 0% used [0x00000000ebc00000,0x00000000ebc00000,0x00000000ef880000)
  from space 2560K, 20% used [0x00000000ef880000,0x00000000ef900000,0x00000000efb00000)
  to   space 25088K, 0% used [0x00000000f3280000,0x00000000f3280000,0x00000000f4b00000)
 ParOldGen       total 55808K, used 11484K [0x00000000c3400000, 0x00000000c6a80000, 0x00000000ebc00000)
  object space 55808K, 20% used [0x00000000c3400000,0x00000000c3f37000,0x00000000c6a80000)
 PSPermGen       total 27648K, used 13701K [0x00000000be200000, 0x00000000bfd00000, 0x00000000c3400000)
  object space 27648K, 49% used [0x00000000be200000,0x00000000bef61790,0x00000000bfd00000)
}
Event: 25,686 GC heap before
{Heap before GC invocations=7 (full 1):
 PSYoungGen      total 64512K, used 60392K [0x00000000ebc00000, 0x00000000f4b00000, 0x0000000100000000)
  eden space 61952K, 96% used [0x00000000ebc00000,0x00000000ef67a258,0x00000000ef880000)
  from space 2560K, 20% used [0x00000000ef880000,0x00000000ef900000,0x00000000efb00000)
  to   space 25088K, 0% used [0x00000000f3280000,0x00000000f3280000,0x00000000f4b00000)
 ParOldGen       total 55808K, used 11484K [0x00000000c3400000, 0x00000000c6a80000, 0x00000000ebc00000)
  object space 55808K, 20% used [0x00000000c3400000,0x00000000c3f37000,0x00000000c6a80000)
 PSPermGen       total 27648K, used 13855K [0x00000000be200000, 0x00000000bfd00000, 0x00000000c3400000)
  object space 27648K, 50% used [0x00000000be200000,0x00000000bef87d88,0x00000000bfd00000)
Event: 25,697 GC heap after
Heap after GC invocations=7 (full 1):
 PSYoungGen      total 122880K, used 608K [0x00000000ebc00000, 0x00000000f4e00000, 0x0000000100000000)
  eden space 97792K, 0% used [0x00000000ebc00000,0x00000000ebc00000,0x00000000f1b80000)
  from space 25088K, 2% used [0x00000000f3280000,0x00000000f3318000,0x00000000f4b00000)
  to   space 23552K, 0% used [0x00000000f1b80000,0x00000000f1b80000,0x00000000f3280000)
 ParOldGen       total 55808K, used 11484K [0x00000000c3400000, 0x00000000c6a80000, 0x00000000ebc00000)
  object space 55808K, 20% used [0x00000000c3400000,0x00000000c3f37000,0x00000000c6a80000)
 PSPermGen       total 27648K, used 13855K [0x00000000be200000, 0x00000000bfd00000, 0x00000000c3400000)
  object space 27648K, 50% used [0x00000000be200000,0x00000000bef87d88,0x00000000bfd00000)
}

