# JRE version: Java(TM) SE Runtime Environment (7.0_51-b13) (build 1.7.0_51-b13)
# Java VM: Java HotSpot(TM) 64-Bit Server VM (24.51-b03 mixed mode linux-amd64 compressed oops)
Heap
 PSYoungGen      total 66048K, used 5133K [0x00000000ebc00000, 0x00000000f5600000, 0x0000000100000000)
  eden space 63488K, 4% used [0x00000000ebc00000,0x00000000ebf019c8,0x00000000efa00000)
  from space 2560K, 80% used [0x00000000efa00000,0x00000000efc01c10,0x00000000efc80000)
  to   space 24576K, 0% used [0x00000000f3e00000,0x00000000f3e00000,0x00000000f5600000)
 ParOldGen       total 54272K, used 15538K [0x00000000c3400000, 0x00000000c6900000, 0x00000000ebc00000)
  object space 54272K, 28% used [0x00000000c3400000,0x00000000c432ca70,0x00000000c6900000)
 PSPermGen       total 27648K, used 13702K [0x00000000be200000, 0x00000000bfd00000, 0x00000000c3400000)
  object space 27648K, 49% used [0x00000000be200000,0x00000000bef619d0,0x00000000bfd00000)
GC Heap History (10 events):
Event: 1,154 GC heap before
{Heap before GC invocations=2 (full 0):
 PSYoungGen      total 18432K, used 10801K [0x00000000ebc00000, 0x00000000ee000000, 0x0000000100000000)
  eden space 15872K, 54% used [0x00000000ebc00000,0x00000000ec474d20,0x00000000ecb80000)
  from space 2560K, 83% used [0x00000000ecb80000,0x00000000ecd97860,0x00000000ece00000)
  to   space 2560K, 0% used [0x00000000edd80000,0x00000000edd80000,0x00000000ee000000)
 ParOldGen       total 41472K, used 0K [0x00000000c3400000, 0x00000000c5c80000, 0x00000000ebc00000)
  object space 41472K, 0% used [0x00000000c3400000,0x00000000c3400000,0x00000000c5c80000)
 PSPermGen       total 21504K, used 11030K [0x00000000be200000, 0x00000000bf700000, 0x00000000c3400000)
  object space 21504K, 51% used [0x00000000be200000,0x00000000becc58b8,0x00000000bf700000)
Event: 1,166 GC heap after
Heap after GC invocations=2 (full 0):
 PSYoungGen      total 34304K, used 2224K [0x00000000ebc00000, 0x00000000ee000000, 0x0000000100000000)
  eden space 31744K, 0% used [0x00000000ebc00000,0x00000000ebc00000,0x00000000edb00000)
  from space 2560K, 86% used [0x00000000edd80000,0x00000000edfac080,0x00000000ee000000)
  to   space 2560K, 0% used [0x00000000edb00000,0x00000000edb00000,0x00000000edd80000)
 ParOldGen       total 41472K, used 0K [0x00000000c3400000, 0x00000000c5c80000, 0x00000000ebc00000)
  object space 41472K, 0% used [0x00000000c3400000,0x00000000c3400000,0x00000000c5c80000)
 PSPermGen       total 21504K, used 11030K [0x00000000be200000, 0x00000000bf700000, 0x00000000c3400000)
  object space 21504K, 51% used [0x00000000be200000,0x00000000becc58b8,0x00000000bf700000)
}
Event: 7,544 GC heap before
{Heap before GC invocations=3 (full 0):
 PSYoungGen      total 34304K, used 33968K [0x00000000ebc00000, 0x00000000ee000000, 0x0000000100000000)
  eden space 31744K, 100% used [0x00000000ebc00000,0x00000000edb00000,0x00000000edb00000)
  from space 2560K, 86% used [0x00000000edd80000,0x00000000edfac080,0x00000000ee000000)
  to   space 2560K, 0% used [0x00000000edb00000,0x00000000edb00000,0x00000000edd80000)
 ParOldGen       total 41472K, used 0K [0x00000000c3400000, 0x00000000c5c80000, 0x00000000ebc00000)
  object space 41472K, 0% used [0x00000000c3400000,0x00000000c3400000,0x00000000c5c80000)
 PSPermGen       total 21504K, used 13632K [0x00000000be200000, 0x00000000bf700000, 0x00000000c3400000)
  object space 21504K, 63% used [0x00000000be200000,0x00000000bef500d0,0x00000000bf700000)
Event: 7,565 GC heap after
Heap after GC invocations=3 (full 0):
 PSYoungGen      total 34304K, used 2538K [0x00000000ebc00000, 0x00000000eff00000, 0x0000000100000000)
  eden space 31744K, 0% used [0x00000000ebc00000,0x00000000ebc00000,0x00000000edb00000)
  from space 2560K, 99% used [0x00000000edb00000,0x00000000edd7a860,0x00000000edd80000)
  to   space 2560K, 0% used [0x00000000efc80000,0x00000000efc80000,0x00000000eff00000)
 ParOldGen       total 41472K, used 24964K [0x00000000c3400000, 0x00000000c5c80000, 0x00000000ebc00000)
  object space 41472K, 60% used [0x00000000c3400000,0x00000000c4c61310,0x00000000c5c80000)
 PSPermGen       total 21504K, used 13632K [0x00000000be200000, 0x00000000bf700000, 0x00000000c3400000)
  object space 21504K, 63% used [0x00000000be200000,0x00000000bef500d0,0x00000000bf700000)
}
Event: 7,565 GC heap before
{Heap before GC invocations=4 (full 1):
 PSYoungGen      total 34304K, used 2538K [0x00000000ebc00000, 0x00000000eff00000, 0x0000000100000000)
  eden space 31744K, 0% used [0x00000000ebc00000,0x00000000ebc00000,0x00000000edb00000)
  from space 2560K, 99% used [0x00000000edb00000,0x00000000edd7a860,0x00000000edd80000)
  to   space 2560K, 0% used [0x00000000efc80000,0x00000000efc80000,0x00000000eff00000)
 ParOldGen       total 41472K, used 24964K [0x00000000c3400000, 0x00000000c5c80000, 0x00000000ebc00000)
  object space 41472K, 60% used [0x00000000c3400000,0x00000000c4c61310,0x00000000c5c80000)
 PSPermGen       total 21504K, used 13632K [0x00000000be200000, 0x00000000bf700000, 0x00000000c3400000)
  object space 21504K, 63% used [0x00000000be200000,0x00000000bef500d0,0x00000000bf700000)
Event: 7,700 GC heap after
Heap after GC invocations=4 (full 1):
 PSYoungGen      total 34304K, used 0K [0x00000000ebc00000, 0x00000000eff00000, 0x0000000100000000)
  eden space 31744K, 0% used [0x00000000ebc00000,0x00000000ebc00000,0x00000000edb00000)
  from space 2560K, 0% used [0x00000000edb00000,0x00000000edb00000,0x00000000edd80000)
  to   space 2560K, 0% used [0x00000000efc80000,0x00000000efc80000,0x00000000eff00000)
 ParOldGen       total 54272K, used 11451K [0x00000000c3400000, 0x00000000c6900000, 0x00000000ebc00000)
  object space 54272K, 21% used [0x00000000c3400000,0x00000000c3f2ec40,0x00000000c6900000)
 PSPermGen       total 27648K, used 13628K [0x00000000be200000, 0x00000000bfd00000, 0x00000000c3400000)
  object space 27648K, 49% used [0x00000000be200000,0x00000000bef4f380,0x00000000bfd00000)
}
Event: 17,039 GC heap before
{Heap before GC invocations=5 (full 1):
 PSYoungGen      total 34304K, used 31744K [0x00000000ebc00000, 0x00000000eff00000, 0x0000000100000000)
  eden space 31744K, 100% used [0x00000000ebc00000,0x00000000edb00000,0x00000000edb00000)
  from space 2560K, 0% used [0x00000000edb00000,0x00000000edb00000,0x00000000edd80000)
  to   space 2560K, 0% used [0x00000000efc80000,0x00000000efc80000,0x00000000eff00000)
 ParOldGen       total 54272K, used 11451K [0x00000000c3400000, 0x00000000c6900000, 0x00000000ebc00000)
  object space 54272K, 21% used [0x00000000c3400000,0x00000000c3f2ec40,0x00000000c6900000)
 PSPermGen       total 27648K, used 13681K [0x00000000be200000, 0x00000000bfd00000, 0x00000000c3400000)
  object space 27648K, 49% used [0x00000000be200000,0x00000000bef5c578,0x00000000bfd00000)
Event: 17,046 GC heap after
Heap after GC invocations=5 (full 1):
 PSYoungGen      total 61952K, used 2387K [0x00000000ebc00000, 0x00000000eff00000, 0x0000000100000000)
  eden space 59392K, 0% used [0x00000000ebc00000,0x00000000ebc00000,0x00000000ef600000)
  from space 2560K, 93% used [0x00000000efc80000,0x00000000efed4c20,0x00000000eff00000)
  to   space 2560K, 0% used [0x00000000efa00000,0x00000000efa00000,0x00000000efc80000)
 ParOldGen       total 54272K, used 12388K [0x00000000c3400000, 0x00000000c6900000, 0x00000000ebc00000)
  object space 54272K, 22% used [0x00000000c3400000,0x00000000c4019250,0x00000000c6900000)
 PSPermGen       total 27648K, used 13681K [0x00000000be200000, 0x00000000bfd00000, 0x00000000c3400000)
  object space 27648K, 49% used [0x00000000be200000,0x00000000bef5c578,0x00000000bfd00000)
}
Event: 23,635 GC heap before
{Heap before GC invocations=6 (full 1):
 PSYoungGen      total 61952K, used 61779K [0x00000000ebc00000, 0x00000000eff00000, 0x0000000100000000)
  eden space 59392K, 100% used [0x00000000ebc00000,0x00000000ef600000,0x00000000ef600000)
  from space 2560K, 93% used [0x00000000efc80000,0x00000000efed4c20,0x00000000eff00000)
  to   space 2560K, 0% used [0x00000000efa00000,0x00000000efa00000,0x00000000efc80000)
 ParOldGen       total 54272K, used 12388K [0x00000000c3400000, 0x00000000c6900000, 0x00000000ebc00000)
  object space 54272K, 22% used [0x00000000c3400000,0x00000000c4019250,0x00000000c6900000)
 PSPermGen       total 27648K, used 13701K [0x00000000be200000, 0x00000000bfd00000, 0x00000000c3400000)
  object space 27648K, 49% used [0x00000000be200000,0x00000000bef617b0,0x00000000bfd00000)
Event: 23,644 GC heap after
Heap after GC invocations=6 (full 1):
 PSYoungGen      total 66048K, used 2055K [0x00000000ebc00000, 0x00000000f5600000, 0x0000000100000000)
  eden space 63488K, 0% used [0x00000000ebc00000,0x00000000ebc00000,0x00000000efa00000)
  from space 2560K, 80% used [0x00000000efa00000,0x00000000efc01c10,0x00000000efc80000)
  to   space 24576K, 0% used [0x00000000f3e00000,0x00000000f3e00000,0x00000000f5600000)
 ParOldGen       total 54272K, used 15538K [0x00000000c3400000, 0x00000000c6900000, 0x00000000ebc00000)
  object space 54272K, 28% used [0x00000000c3400000,0x00000000c432ca70,0x00000000c6900000)
 PSPermGen       total 27648K, used 13701K [0x00000000be200000, 0x00000000bfd00000, 0x00000000c3400000)
  object space 27648K, 49% used [0x00000000be200000,0x00000000bef617b0,0x00000000bfd00000)
}

